WriteRegStr: "HKEY_CURRENT_USER\Software\guidata" ""="C:\Python26\Lib\site-packages\guidata"
WriteRegStr: "HKEY_CURRENT_USER\Software\guidata" "Version"="1.3.2"
WriteRegStr: "HKEY_CURRENT_USER\Software\guidata" "ParentPath"="C:\Python26"
CreateDirectory: "C:\Python26\Lib\site-packages\guidata" (1)
File: overwriteflag=0, allowskipfilesflag=2, name="guidata.ico"
File: wrote 7886 to "C:\Python26\Lib\site-packages\guidata\guidata.ico"
File: overwriteflag=0, allowskipfilesflag=2, name="python.ico"
File: wrote 15086 to "C:\Python26\Lib\site-packages\guidata\python.ico"
File: overwriteflag=0, allowskipfilesflag=2, name="log2del.exe"
File: wrote 263179 to "C:\Python26\Lib\site-packages\guidata\log2del.exe"
Jump: 0
CreateDirectory: "C:\Python26\Lib\site-packages" (1)
File: overwriteflag=0, allowskipfilesflag=2, name="guidata-1.3.2-py2.6.egg-info"
File: wrote 924 to "C:\Python26\Lib\site-packages\guidata-1.3.2-py2.6.egg-info"
CreateDirectory: "C:\Python26\Lib\site-packages\guidata" (1)
File: overwriteflag=0, allowskipfilesflag=2, name="__init__.py"
File: wrote 26000 to "C:\Python26\Lib\site-packages\guidata\__init__.py"
File: overwriteflag=0, allowskipfilesflag=2, name="config.py"
File: wrote 1504 to "C:\Python26\Lib\site-packages\guidata\config.py"
File: overwriteflag=0, allowskipfilesflag=2, name="configtools.py"
File: wrote 8350 to "C:\Python26\Lib\site-packages\guidata\configtools.py"
File: overwriteflag=0, allowskipfilesflag=2, name="disthelpers.py"
File: wrote 10296 to "C:\Python26\Lib\site-packages\guidata\disthelpers.py"
File: overwriteflag=0, allowskipfilesflag=2, name="gettext_helpers.py"
File: wrote 3987 to "C:\Python26\Lib\site-packages\guidata\gettext_helpers.py"
File: overwriteflag=0, allowskipfilesflag=2, name="guitest.py"
File: wrote 5969 to "C:\Python26\Lib\site-packages\guidata\guitest.py"
File: overwriteflag=0, allowskipfilesflag=2, name="hdf5io.py"
File: wrote 8524 to "C:\Python26\Lib\site-packages\guidata\hdf5io.py"
File: overwriteflag=0, allowskipfilesflag=2, name="qthelpers.py"
File: wrote 6153 to "C:\Python26\Lib\site-packages\guidata\qthelpers.py"
File: overwriteflag=0, allowskipfilesflag=2, name="qtwidgets.py"
File: wrote 4339 to "C:\Python26\Lib\site-packages\guidata\qtwidgets.py"
File: overwriteflag=0, allowskipfilesflag=2, name="userconfig.py"
File: wrote 14439 to "C:\Python26\Lib\site-packages\guidata\userconfig.py"
File: overwriteflag=0, allowskipfilesflag=2, name="utils.py"
File: wrote 8023 to "C:\Python26\Lib\site-packages\guidata\utils.py"
CreateDirectory: "C:\Python26\Lib\site-packages\guidata\dataset" (1)
File: overwriteflag=0, allowskipfilesflag=2, name="__init__.py"
File: wrote 523 to "C:\Python26\Lib\site-packages\guidata\dataset\__init__.py"
File: overwriteflag=0, allowskipfilesflag=2, name="dataitems.py"
File: wrote 20712 to "C:\Python26\Lib\site-packages\guidata\dataset\dataitems.py"
File: overwriteflag=0, allowskipfilesflag=2, name="datatypes.py"
File: wrote 30678 to "C:\Python26\Lib\site-packages\guidata\dataset\datatypes.py"
File: overwriteflag=0, allowskipfilesflag=2, name="qtitemwidgets.py"
File: wrote 32835 to "C:\Python26\Lib\site-packages\guidata\dataset\qtitemwidgets.py"
File: overwriteflag=0, allowskipfilesflag=2, name="qtwidgets.py"
File: wrote 18753 to "C:\Python26\Lib\site-packages\guidata\dataset\qtwidgets.py"
File: overwriteflag=0, allowskipfilesflag=2, name="textedit.py"
File: wrote 872 to "C:\Python26\Lib\site-packages\guidata\dataset\textedit.py"
CreateDirectory: "C:\Python26\Lib\site-packages\guidata\images" (1)
File: overwriteflag=0, allowskipfilesflag=2, name="apply.png"
File: wrote 612 to "C:\Python26\Lib\site-packages\guidata\images\apply.png"
File: overwriteflag=0, allowskipfilesflag=2, name="arredit.png"
File: wrote 873 to "C:\Python26\Lib\site-packages\guidata\images\arredit.png"
File: overwriteflag=0, allowskipfilesflag=2, name="balloon.png"
File: wrote 1622 to "C:\Python26\Lib\site-packages\guidata\images\balloon.png"
File: overwriteflag=0, allowskipfilesflag=2, name="busy.png"
File: wrote 3186 to "C:\Python26\Lib\site-packages\guidata\images\busy.png"
File: overwriteflag=0, allowskipfilesflag=2, name="cell_edit.png"
File: wrote 3012 to "C:\Python26\Lib\site-packages\guidata\images\cell_edit.png"
File: overwriteflag=0, allowskipfilesflag=2, name="copy.png"
File: wrote 879 to "C:\Python26\Lib\site-packages\guidata\images\copy.png"
File: overwriteflag=0, allowskipfilesflag=2, name="delete.png"
File: wrote 522 to "C:\Python26\Lib\site-packages\guidata\images\delete.png"
File: overwriteflag=0, allowskipfilesflag=2, name="dictedit.png"
File: wrote 629 to "C:\Python26\Lib\site-packages\guidata\images\dictedit.png"
File: overwriteflag=0, allowskipfilesflag=2, name="edit.png"
File: wrote 3331 to "C:\Python26\Lib\site-packages\guidata\images\edit.png"
File: overwriteflag=0, allowskipfilesflag=2, name="exit.png"
File: wrote 876 to "C:\Python26\Lib\site-packages\guidata\images\exit.png"
File: overwriteflag=0, allowskipfilesflag=2, name="expander_down.png"
File: wrote 1077 to "C:\Python26\Lib\site-packages\guidata\images\expander_down.png"
File: overwriteflag=0, allowskipfilesflag=2, name="expander_right.png"
File: wrote 1057 to "C:\Python26\Lib\site-packages\guidata\images\expander_right.png"
File: overwriteflag=0, allowskipfilesflag=2, name="file.png"
File: wrote 425 to "C:\Python26\Lib\site-packages\guidata\images\file.png"
File: overwriteflag=0, allowskipfilesflag=2, name="fileclose.png"
File: wrote 3714 to "C:\Python26\Lib\site-packages\guidata\images\fileclose.png"
File: overwriteflag=0, allowskipfilesflag=2, name="fileimport.png"
File: wrote 1383 to "C:\Python26\Lib\site-packages\guidata\images\fileimport.png"
File: overwriteflag=0, allowskipfilesflag=2, name="filenew.png"
File: wrote 347 to "C:\Python26\Lib\site-packages\guidata\images\filenew.png"
File: overwriteflag=0, allowskipfilesflag=2, name="fileopen.png"
File: wrote 964 to "C:\Python26\Lib\site-packages\guidata\images\fileopen.png"
File: overwriteflag=0, allowskipfilesflag=2, name="filesave.png"
File: wrote 970 to "C:\Python26\Lib\site-packages\guidata\images\filesave.png"
File: overwriteflag=0, allowskipfilesflag=2, name="filesaveas.png"
File: wrote 1264 to "C:\Python26\Lib\site-packages\guidata\images\filesaveas.png"
File: overwriteflag=0, allowskipfilesflag=2, name="guidata.png"
File: wrote 1828 to "C:\Python26\Lib\site-packages\guidata\images\guidata.png"
File: overwriteflag=0, allowskipfilesflag=2, name="max.png"
File: wrote 176 to "C:\Python26\Lib\site-packages\guidata\images\max.png"
File: overwriteflag=0, allowskipfilesflag=2, name="min.png"
File: wrote 170 to "C:\Python26\Lib\site-packages\guidata\images\min.png"
File: overwriteflag=0, allowskipfilesflag=2, name="none.png"
File: wrote 1193 to "C:\Python26\Lib\site-packages\guidata\images\none.png"
File: overwriteflag=0, allowskipfilesflag=2, name="not_found.png"
File: wrote 355 to "C:\Python26\Lib\site-packages\guidata\images\not_found.png"
File: overwriteflag=0, allowskipfilesflag=2, name="python.png"
File: wrote 654 to "C:\Python26\Lib\site-packages\guidata\images\python.png"
File: overwriteflag=0, allowskipfilesflag=2, name="quickview.png"
File: wrote 3425 to "C:\Python26\Lib\site-packages\guidata\images\quickview.png"
File: overwriteflag=0, allowskipfilesflag=2, name="save_all.png"
File: wrote 1428 to "C:\Python26\Lib\site-packages\guidata\images\save_all.png"
File: overwriteflag=0, allowskipfilesflag=2, name="selection.png"
File: wrote 603 to "C:\Python26\Lib\site-packages\guidata\images\selection.png"
File: overwriteflag=0, allowskipfilesflag=2, name="settings.png"
File: wrote 2074 to "C:\Python26\Lib\site-packages\guidata\images\settings.png"
File: overwriteflag=0, allowskipfilesflag=2, name="shape.png"
File: wrote 248 to "C:\Python26\Lib\site-packages\guidata\images\shape.png"
File: overwriteflag=0, allowskipfilesflag=2, name="xmax.png"
File: wrote 184 to "C:\Python26\Lib\site-packages\guidata\images\xmax.png"
File: overwriteflag=0, allowskipfilesflag=2, name="xmin.png"
File: wrote 186 to "C:\Python26\Lib\site-packages\guidata\images\xmin.png"
CreateDirectory: "C:\Python26\Lib\site-packages\guidata\images\editors" (1)
File: overwriteflag=0, allowskipfilesflag=2, name="edit.png"
File: wrote 3331 to "C:\Python26\Lib\site-packages\guidata\images\editors\edit.png"
File: overwriteflag=0, allowskipfilesflag=2, name="edit_add.png"
File: wrote 3329 to "C:\Python26\Lib\site-packages\guidata\images\editors\edit_add.png"
File: overwriteflag=0, allowskipfilesflag=2, name="editcopy.png"
File: wrote 3356 to "C:\Python26\Lib\site-packages\guidata\images\editors\editcopy.png"
File: overwriteflag=0, allowskipfilesflag=2, name="editdelete.png"
File: wrote 3653 to "C:\Python26\Lib\site-packages\guidata\images\editors\editdelete.png"
File: overwriteflag=0, allowskipfilesflag=2, name="editpaste.png"
File: wrote 3529 to "C:\Python26\Lib\site-packages\guidata\images\editors\editpaste.png"
File: overwriteflag=0, allowskipfilesflag=2, name="fileimport.png"
File: wrote 2076 to "C:\Python26\Lib\site-packages\guidata\images\editors\fileimport.png"
File: overwriteflag=0, allowskipfilesflag=2, name="filesave.png"
File: wrote 970 to "C:\Python26\Lib\site-packages\guidata\images\editors\filesave.png"
File: overwriteflag=0, allowskipfilesflag=2, name="imshow.png"
File: wrote 3206 to "C:\Python26\Lib\site-packages\guidata\images\editors\imshow.png"
File: overwriteflag=0, allowskipfilesflag=2, name="insert.png"
File: wrote 3097 to "C:\Python26\Lib\site-packages\guidata\images\editors\insert.png"
File: overwriteflag=0, allowskipfilesflag=2, name="plot.png"
File: wrote 3165 to "C:\Python26\Lib\site-packages\guidata\images\editors\plot.png"
File: overwriteflag=0, allowskipfilesflag=2, name="rename.png"
File: wrote 3012 to "C:\Python26\Lib\site-packages\guidata\images\editors\rename.png"
CreateDirectory: "C:\Python26\Lib\site-packages\guidata\images\filetypes" (1)
File: overwriteflag=0, allowskipfilesflag=2, name="doc.png"
File: wrote 4072 to "C:\Python26\Lib\site-packages\guidata\images\filetypes\doc.png"
File: overwriteflag=0, allowskipfilesflag=2, name="gif.png"
File: wrote 4045 to "C:\Python26\Lib\site-packages\guidata\images\filetypes\gif.png"
File: overwriteflag=0, allowskipfilesflag=2, name="html.png"
File: wrote 4368 to "C:\Python26\Lib\site-packages\guidata\images\filetypes\html.png"
File: overwriteflag=0, allowskipfilesflag=2, name="jpg.png"
File: wrote 4045 to "C:\Python26\Lib\site-packages\guidata\images\filetypes\jpg.png"
File: overwriteflag=0, allowskipfilesflag=2, name="pdf.png"
File: wrote 4073 to "C:\Python26\Lib\site-packages\guidata\images\filetypes\pdf.png"
File: overwriteflag=0, allowskipfilesflag=2, name="png.png"
File: wrote 4045 to "C:\Python26\Lib\site-packages\guidata\images\filetypes\png.png"
File: overwriteflag=0, allowskipfilesflag=2, name="pps.png"
File: wrote 3793 to "C:\Python26\Lib\site-packages\guidata\images\filetypes\pps.png"
File: overwriteflag=0, allowskipfilesflag=2, name="ps.png"
File: wrote 3760 to "C:\Python26\Lib\site-packages\guidata\images\filetypes\ps.png"
File: overwriteflag=0, allowskipfilesflag=2, name="tar.png"
File: wrote 4099 to "C:\Python26\Lib\site-packages\guidata\images\filetypes\tar.png"
File: overwriteflag=0, allowskipfilesflag=2, name="tgz.png"
File: wrote 4099 to "C:\Python26\Lib\site-packages\guidata\images\filetypes\tgz.png"
File: overwriteflag=0, allowskipfilesflag=2, name="tif.png"
File: wrote 4045 to "C:\Python26\Lib\site-packages\guidata\images\filetypes\tif.png"
File: overwriteflag=0, allowskipfilesflag=2, name="txt.png"
File: wrote 4323 to "C:\Python26\Lib\site-packages\guidata\images\filetypes\txt.png"
File: overwriteflag=0, allowskipfilesflag=2, name="xls.png"
File: wrote 3758 to "C:\Python26\Lib\site-packages\guidata\images\filetypes\xls.png"
File: overwriteflag=0, allowskipfilesflag=2, name="zip.png"
File: wrote 4099 to "C:\Python26\Lib\site-packages\guidata\images\filetypes\zip.png"
CreateDirectory: "C:\Python26\Lib\site-packages\guidata\locale" (1)
CreateDirectory: "C:\Python26\Lib\site-packages\guidata\locale\fr" (1)
CreateDirectory: "C:\Python26\Lib\site-packages\guidata\locale\fr\LC_MESSAGES" (1)
File: overwriteflag=0, allowskipfilesflag=2, name="guidata.mo"
File: wrote 1979 to "C:\Python26\Lib\site-packages\guidata\locale\fr\LC_MESSAGES\guidata.mo"
CreateDirectory: "C:\Python26\Lib\site-packages\guidata\qt" (1)
File: overwriteflag=0, allowskipfilesflag=2, name="QtCore.py"
File: wrote 632 to "C:\Python26\Lib\site-packages\guidata\qt\QtCore.py"
File: overwriteflag=0, allowskipfilesflag=2, name="QtGui.py"
File: wrote 334 to "C:\Python26\Lib\site-packages\guidata\qt\QtGui.py"
File: overwriteflag=0, allowskipfilesflag=2, name="QtWebKit.py"
File: wrote 288 to "C:\Python26\Lib\site-packages\guidata\qt\QtWebKit.py"
File: overwriteflag=0, allowskipfilesflag=2, name="__init__.py"
File: wrote 2506 to "C:\Python26\Lib\site-packages\guidata\qt\__init__.py"
File: overwriteflag=0, allowskipfilesflag=2, name="compat.py"
File: wrote 7917 to "C:\Python26\Lib\site-packages\guidata\qt\compat.py"
CreateDirectory: "C:\Python26\Lib\site-packages\guidata\tests" (1)
File: overwriteflag=0, allowskipfilesflag=2, name="__init__.py"
File: wrote 414 to "C:\Python26\Lib\site-packages\guidata\tests\__init__.py"
File: overwriteflag=0, allowskipfilesflag=2, name="activable_dataset.py"
File: wrote 1589 to "C:\Python26\Lib\site-packages\guidata\tests\activable_dataset.py"
File: overwriteflag=0, allowskipfilesflag=2, name="all_features.py"
File: wrote 4304 to "C:\Python26\Lib\site-packages\guidata\tests\all_features.py"
File: overwriteflag=0, allowskipfilesflag=2, name="all_items.py"
File: wrote 3847 to "C:\Python26\Lib\site-packages\guidata\tests\all_items.py"
File: overwriteflag=0, allowskipfilesflag=2, name="bool_selector.py"
File: wrote 1973 to "C:\Python26\Lib\site-packages\guidata\tests\bool_selector.py"
File: overwriteflag=0, allowskipfilesflag=2, name="config.py"
File: wrote 1530 to "C:\Python26\Lib\site-packages\guidata\tests\config.py"
File: overwriteflag=0, allowskipfilesflag=2, name="data.py"
File: wrote 1441 to "C:\Python26\Lib\site-packages\guidata\tests\data.py"
File: overwriteflag=0, allowskipfilesflag=2, name="datasetgroup.py"
File: wrote 779 to "C:\Python26\Lib\site-packages\guidata\tests\datasetgroup.py"
File: overwriteflag=0, allowskipfilesflag=2, name="editgroupbox.py"
File: wrote 5968 to "C:\Python26\Lib\site-packages\guidata\tests\editgroupbox.py"
File: overwriteflag=0, allowskipfilesflag=2, name="hdf5.py"
File: wrote 1090 to "C:\Python26\Lib\site-packages\guidata\tests\hdf5.py"
File: overwriteflag=0, allowskipfilesflag=2, name="inheritance.py"
File: wrote 1081 to "C:\Python26\Lib\site-packages\guidata\tests\inheritance.py"
File: overwriteflag=0, allowskipfilesflag=2, name="rotatedlabel.py"
File: wrote 1204 to "C:\Python26\Lib\site-packages\guidata\tests\rotatedlabel.py"
File: overwriteflag=0, allowskipfilesflag=2, name="text.py"
File: wrote 661 to "C:\Python26\Lib\site-packages\guidata\tests\text.py"
CreateDirectory: "C:\Python26\Lib\site-packages" (1)
CreateDirectory: "C:\Python26\Lib\site-packages" (1)
CreateDirectory: "C:\Python26\Scripts" (1)
File: overwriteflag=0, allowskipfilesflag=2, name="guidata-tests"
File: wrote 64 to "C:\Python26\Scripts\guidata-tests"
File: overwriteflag=0, allowskipfilesflag=2, name="guidata-tests.bat"
File: wrote 29 to "C:\Python26\Scripts\guidata-tests.bat"
CreateDirectory: "C:\Python26\Scripts" (1)
CreateDirectory: "C:\Python26\DLLs" (1)
CreateDirectory: "C:\Python26\DLLs" (1)
CreateDirectory: "C:\Python26" (1)
CreateDirectory: "C:\Python26" (1)
CreateDirectory: "C:\Python26\Doc\guidata" (1)
CreateDirectory: "C:\Programme\pythonxy\doc\Libraries\guidata" (1)
RMDir: "C:\Python26\Doc\guidata"
RMDir: RemoveDirectory("C:\Python26\Doc\guidata\")
File: overwriteflag=0, allowskipfilesflag=2, name="guidatadoc.chm"
File: wrote 356940 to "C:\Programme\pythonxy\doc\Libraries\guidata\guidatadoc.chm"
CreateDirectory: "C:\Programme\pythonxy\doc\Libraries\guidata" (1)
RMDir: "C:\Programme\pythonxy\doc\Libraries\guidata"
RMDir: RemoveDirectory("C:\Programme\pythonxy\doc\Libraries\guidata\")
RMDir: RemoveDirectory failed("C:\Programme\pythonxy\doc\Libraries\guidata\")
CreateDirectory: "C:\Python26\Lib\site-packages" (1)
Call: 1050
File: overwriteflag=1, allowskipfilesflag=2, name="C:\DOKUME~1\ADMINI~1\LOKALE~1\Temp\nso1F.tmp\CpuCaps.dll"
File: wrote 16164 to "C:\DOKUME~1\ADMINI~1\LOKALE~1\Temp\nso1F.tmp\CpuCaps.dll"
Call: 1050
File: overwriteflag=1, allowskipfilesflag=2, name="C:\DOKUME~1\ADMINI~1\LOKALE~1\Temp\nso1F.tmp\CpuCaps.dll"
File: skipped: "C:\DOKUME~1\ADMINI~1\LOKALE~1\Temp\nso1F.tmp\CpuCaps.dll" (overwriteflag=1)
CreateDirectory: "C:\Python26\Lib\site-packages" (1)
Jump: 969
created uninstaller: 7100, "C:\Python26\Lib\site-packages\guidata\Uninstall.exe"
WriteRegStr: "HKEY_LOCAL_MACHINE\Software\Microsoft\Windows\CurrentVersion\Uninstall\Python 2.6 - guidata 1.3.2" "DisplayName"="Python 2.6 - guidata 1.3.2"
WriteRegStr: "HKEY_LOCAL_MACHINE\Software\Microsoft\Windows\CurrentVersion\Uninstall\Python 2.6 - guidata 1.3.2" "UninstallString"="C:\Python26\Lib\site-packages\guidata\Uninstall.exe"
WriteRegStr: "HKEY_LOCAL_MACHINE\Software\Microsoft\Windows\CurrentVersion\Uninstall\Python 2.6 - guidata 1.3.2" "InstallLocation"="C:\Python26\Lib\site-packages\guidata"
WriteRegStr: "HKEY_LOCAL_MACHINE\Software\Microsoft\Windows\CurrentVersion\Uninstall\Python 2.6 - guidata 1.3.2" "DisplayIcon"="C:\Python26\Lib\site-packages\guidata\python.ico"
WriteRegStr: "HKEY_LOCAL_MACHINE\Software\Microsoft\Windows\CurrentVersion\Uninstall\Python 2.6 - guidata 1.3.2" "Publisher"="pythonxy.com"
WriteRegStr: "HKEY_LOCAL_MACHINE\Software\Microsoft\Windows\CurrentVersion\Uninstall\Python 2.6 - guidata 1.3.2" "HelpTelephone"=""
WriteRegStr: "HKEY_LOCAL_MACHINE\Software\Microsoft\Windows\CurrentVersion\Uninstall\Python 2.6 - guidata 1.3.2" "DisplayVersion"="1.3.2"
WriteRegDWORD: "HKEY_LOCAL_MACHINE\Software\Microsoft\Windows\CurrentVersion\Uninstall\Python 2.6 - guidata 1.3.2" "NoModify"="0x00000001"
WriteRegDWORD: "HKEY_LOCAL_MACHINE\Software\Microsoft\Windows\CurrentVersion\Uninstall\Python 2.6 - guidata 1.3.2" "NoRepair"="0x00000001"
WriteRegStr: "HKEY_LOCAL_MACHINE\Software\Microsoft\Windows\CurrentVersion\Uninstall\Python 2.6 - guidata 1.3.2" "ParentDisplayName"="Python(x,y)"
WriteRegStr: "HKEY_LOCAL_MACHINE\Software\Microsoft\Windows\CurrentVersion\Uninstall\Python 2.6 - guidata 1.3.2" "ParentKeyName"="Python(x,y)"
WriteRegStr: "HKEY_CURRENT_USER\Software\Python(x,y)\uninstall" "guidata"="C:\Python26\Lib\site-packages\guidata"
IfFileExists: file "C:\Python26\Scripts\guidata_postinstall.py" does not exist, jumping 987
IfFileExists: file "C:\Python26\Scripts\guidata_win_post_install.py" does not exist, jumping 990
Section: ""
CreateDirectory: "C:\Python26\Scripts" (1)
CreateShortCut: out: "C:\Dokumente und Einstellungen\Administrator\Startmenü\Programme\Python(x,y)\guidata.lnk", in: "C:\Python26\python.exe "C:\Python26\Scripts\guidata-tests"", icon: C:\Python26\Lib\site-packages\guidata\guidata.ico,0, sw=0, hk=0
Delete: DeleteFile("C:\DOKUME~1\ADMINI~1\LOKALE~1\Temp\nso1F.tmp\CpuCaps.dll")
Delete: DeleteFile("C:\DOKUME~1\ADMINI~1\LOKALE~1\Temp\nso1F.tmp\System.dll")
RMDir: RemoveDirectory("C:\DOKUME~1\ADMINI~1\LOKALE~1\Temp\nso1F.tmp\")
