Compiling the C compiler identification source file "CMakeCCompilerId.c" failed.
Compiler: cl 
Build flags: 
Id flags: 

The output was:
Das System kann die angegebene Datei nicht finden


Compiling the C compiler identification source file "CMakeCCompilerId.c" failed.
Compiler: cl 
Build flags: 
Id flags: -c

The output was:
Das System kann die angegebene Datei nicht finden


Compiling the C compiler identification source file "CMakeCCompilerId.c" failed.
Compiler: cl 
Build flags: 
Id flags: -Aa

The output was:
Das System kann die angegebene Datei nicht finden


Compiling the CXX compiler identification source file "CMakeCXXCompilerId.cpp" failed.
Compiler: cl 
Build flags: 
Id flags: 

The output was:
Das System kann die angegebene Datei nicht finden


Compiling the CXX compiler identification source file "CMakeCXXCompilerId.cpp" failed.
Compiler: cl 
Build flags: 
Id flags: -c

The output was:
Das System kann die angegebene Datei nicht finden


Determining the version of compiler failed with the following output:
CreateProcessError: Das System kann die angegebene Datei nicht finden.

for command: cl /nologo -EP "c:\Programme\CMake 2.8\share\cmake-2.8\Modules\CMakeTestNMakeCLVersion.c"

Determining if this is a free VC compiler failed with the following output:
CreateProcessError: Das System kann die angegebene Datei nicht finden.

for command: cl /nologo /MD /EHsc "c:\Programme\CMake 2.8\share\cmake-2.8\Modules\CMakeTestForFreeVC.cxx" 
in dir: E:/OpenMS-1.8/share/OpenMS/examples/external_code/CMakeFiles/CMakeTmp2

Determining if the C compiler works failed with the following output:


