WriteRegStr: "HKEY_CURRENT_USER\Software\guiqwt" ""="C:\Python26\Lib\site-packages\guiqwt"
WriteRegStr: "HKEY_CURRENT_USER\Software\guiqwt" "Version"="2.1.4"
WriteRegStr: "HKEY_CURRENT_USER\Software\guiqwt" "ParentPath"="C:\Python26"
CreateDirectory: "C:\Python26\Lib\site-packages\guiqwt" (1)
File: overwriteflag=0, allowskipfilesflag=2, name="guiqwt.ico"
File: wrote 7886 to "C:\Python26\Lib\site-packages\guiqwt\guiqwt.ico"
File: overwriteflag=0, allowskipfilesflag=2, name="sift.ico"
File: wrote 100952 to "C:\Python26\Lib\site-packages\guiqwt\sift.ico"
File: overwriteflag=0, allowskipfilesflag=2, name="python.ico"
File: wrote 15086 to "C:\Python26\Lib\site-packages\guiqwt\python.ico"
File: overwriteflag=0, allowskipfilesflag=2, name="log2del.exe"
File: wrote 263179 to "C:\Python26\Lib\site-packages\guiqwt\log2del.exe"
Jump: 0
CreateDirectory: "C:\Python26\Lib\site-packages" (1)
CreateDirectory: "C:\Python26\Lib\site-packages" (1)
File: overwriteflag=0, allowskipfilesflag=2, name="guiqwt-2.1.4-py2.6.egg-info"
File: wrote 800 to "C:\Python26\Lib\site-packages\guiqwt-2.1.4-py2.6.egg-info"
CreateDirectory: "C:\Python26\Lib\site-packages\guiqwt" (1)
File: overwriteflag=0, allowskipfilesflag=2, name="__init__.py"
File: wrote 25603 to "C:\Python26\Lib\site-packages\guiqwt\__init__.py"
File: overwriteflag=0, allowskipfilesflag=2, name="__init__.pyc"
File: wrote 872 to "C:\Python26\Lib\site-packages\guiqwt\__init__.pyc"
File: overwriteflag=0, allowskipfilesflag=2, name="_cm.py"
File: wrote 371237 to "C:\Python26\Lib\site-packages\guiqwt\_cm.py"
File: overwriteflag=0, allowskipfilesflag=2, name="_cm.pyc"
File: wrote 103237 to "C:\Python26\Lib\site-packages\guiqwt\_cm.pyc"
File: overwriteflag=0, allowskipfilesflag=2, name="_ext.pyd"
File: wrote 57289 to "C:\Python26\Lib\site-packages\guiqwt\_ext.pyd"
File: overwriteflag=0, allowskipfilesflag=2, name="_mandel.pyd"
File: wrote 50033 to "C:\Python26\Lib\site-packages\guiqwt\_mandel.pyd"
File: overwriteflag=0, allowskipfilesflag=2, name="_scaler.pyd"
File: wrote 362773 to "C:\Python26\Lib\site-packages\guiqwt\_scaler.pyd"
File: overwriteflag=0, allowskipfilesflag=2, name="annotations.py"
File: wrote 24713 to "C:\Python26\Lib\site-packages\guiqwt\annotations.py"
File: overwriteflag=0, allowskipfilesflag=2, name="annotations.pyc"
File: wrote 29988 to "C:\Python26\Lib\site-packages\guiqwt\annotations.pyc"
File: overwriteflag=0, allowskipfilesflag=2, name="baseplot.py"
File: wrote 30058 to "C:\Python26\Lib\site-packages\guiqwt\baseplot.py"
File: overwriteflag=0, allowskipfilesflag=2, name="baseplot.pyc"
File: wrote 33047 to "C:\Python26\Lib\site-packages\guiqwt\baseplot.pyc"
File: overwriteflag=0, allowskipfilesflag=2, name="builder.py"
File: wrote 50207 to "C:\Python26\Lib\site-packages\guiqwt\builder.py"
File: overwriteflag=0, allowskipfilesflag=2, name="builder.pyc"
File: wrote 45685 to "C:\Python26\Lib\site-packages\guiqwt\builder.pyc"
File: overwriteflag=0, allowskipfilesflag=2, name="colormap.py"
File: wrote 3757 to "C:\Python26\Lib\site-packages\guiqwt\colormap.py"
File: overwriteflag=0, allowskipfilesflag=2, name="colormap.pyc"
File: wrote 4722 to "C:\Python26\Lib\site-packages\guiqwt\colormap.pyc"
File: overwriteflag=0, allowskipfilesflag=2, name="config.py"
File: wrote 38145 to "C:\Python26\Lib\site-packages\guiqwt\config.py"
File: overwriteflag=0, allowskipfilesflag=2, name="config.pyc"
File: wrote 25215 to "C:\Python26\Lib\site-packages\guiqwt\config.pyc"
File: overwriteflag=0, allowskipfilesflag=2, name="cross_section.py"
File: wrote 35435 to "C:\Python26\Lib\site-packages\guiqwt\cross_section.py"
File: overwriteflag=0, allowskipfilesflag=2, name="cross_section.pyc"
File: wrote 39510 to "C:\Python26\Lib\site-packages\guiqwt\cross_section.pyc"
File: overwriteflag=0, allowskipfilesflag=2, name="curve.py"
File: wrote 54189 to "C:\Python26\Lib\site-packages\guiqwt\curve.py"
File: overwriteflag=0, allowskipfilesflag=2, name="curve.pyc"
File: wrote 56326 to "C:\Python26\Lib\site-packages\guiqwt\curve.pyc"
File: overwriteflag=0, allowskipfilesflag=2, name="debug.py"
File: wrote 2152 to "C:\Python26\Lib\site-packages\guiqwt\debug.py"
File: overwriteflag=0, allowskipfilesflag=2, name="debug.pyc"
File: wrote 2691 to "C:\Python26\Lib\site-packages\guiqwt\debug.pyc"
File: overwriteflag=0, allowskipfilesflag=2, name="events.py"
File: wrote 21097 to "C:\Python26\Lib\site-packages\guiqwt\events.py"
File: overwriteflag=0, allowskipfilesflag=2, name="events.pyc"
File: wrote 23580 to "C:\Python26\Lib\site-packages\guiqwt\events.pyc"
File: overwriteflag=0, allowskipfilesflag=2, name="fit.py"
File: wrote 23564 to "C:\Python26\Lib\site-packages\guiqwt\fit.py"
File: overwriteflag=0, allowskipfilesflag=2, name="fit.pyc"
File: wrote 24646 to "C:\Python26\Lib\site-packages\guiqwt\fit.pyc"
File: overwriteflag=0, allowskipfilesflag=2, name="geometry.py"
File: wrote 2982 to "C:\Python26\Lib\site-packages\guiqwt\geometry.py"
File: overwriteflag=0, allowskipfilesflag=2, name="geometry.pyc"
File: wrote 3968 to "C:\Python26\Lib\site-packages\guiqwt\geometry.pyc"
File: overwriteflag=0, allowskipfilesflag=2, name="histogram.py"
File: wrote 19781 to "C:\Python26\Lib\site-packages\guiqwt\histogram.py"
File: overwriteflag=0, allowskipfilesflag=2, name="histogram.pyc"
File: wrote 20953 to "C:\Python26\Lib\site-packages\guiqwt\histogram.pyc"
File: overwriteflag=0, allowskipfilesflag=2, name="image.py"
File: wrote 87252 to "C:\Python26\Lib\site-packages\guiqwt\image.py"
File: overwriteflag=0, allowskipfilesflag=2, name="image.pyc"
File: wrote 91212 to "C:\Python26\Lib\site-packages\guiqwt\image.pyc"
File: overwriteflag=0, allowskipfilesflag=2, name="interfaces.py"
File: wrote 9129 to "C:\Python26\Lib\site-packages\guiqwt\interfaces.py"
File: overwriteflag=0, allowskipfilesflag=2, name="interfaces.pyc"
File: wrote 16004 to "C:\Python26\Lib\site-packages\guiqwt\interfaces.pyc"
File: overwriteflag=0, allowskipfilesflag=2, name="io.py"
File: wrote 10248 to "C:\Python26\Lib\site-packages\guiqwt\io.py"
File: overwriteflag=0, allowskipfilesflag=2, name="io.pyc"
File: wrote 9802 to "C:\Python26\Lib\site-packages\guiqwt\io.pyc"
File: overwriteflag=0, allowskipfilesflag=2, name="label.py"
File: wrote 17305 to "C:\Python26\Lib\site-packages\guiqwt\label.py"
File: overwriteflag=0, allowskipfilesflag=2, name="label.pyc"
File: wrote 24416 to "C:\Python26\Lib\site-packages\guiqwt\label.pyc"
File: overwriteflag=0, allowskipfilesflag=2, name="panels.py"
File: wrote 3150 to "C:\Python26\Lib\site-packages\guiqwt\panels.py"
File: overwriteflag=0, allowskipfilesflag=2, name="panels.pyc"
File: wrote 3074 to "C:\Python26\Lib\site-packages\guiqwt\panels.pyc"
File: overwriteflag=0, allowskipfilesflag=2, name="plot.py"
File: wrote 41985 to "C:\Python26\Lib\site-packages\guiqwt\plot.py"
File: overwriteflag=0, allowskipfilesflag=2, name="plot.pyc"
File: wrote 43441 to "C:\Python26\Lib\site-packages\guiqwt\plot.pyc"
File: overwriteflag=0, allowskipfilesflag=2, name="pyplot.py"
File: wrote 20234 to "C:\Python26\Lib\site-packages\guiqwt\pyplot.py"
File: overwriteflag=0, allowskipfilesflag=2, name="pyplot.pyc"
File: wrote 25338 to "C:\Python26\Lib\site-packages\guiqwt\pyplot.pyc"
File: overwriteflag=0, allowskipfilesflag=2, name="qtdesigner.py"
File: wrote 3545 to "C:\Python26\Lib\site-packages\guiqwt\qtdesigner.py"
File: overwriteflag=0, allowskipfilesflag=2, name="qthelpers.py"
File: wrote 5560 to "C:\Python26\Lib\site-packages\guiqwt\qthelpers.py"
File: overwriteflag=0, allowskipfilesflag=2, name="resizedialog.py"
File: wrote 3996 to "C:\Python26\Lib\site-packages\guiqwt\resizedialog.py"
File: overwriteflag=0, allowskipfilesflag=2, name="shapes.py"
File: wrote 51313 to "C:\Python26\Lib\site-packages\guiqwt\shapes.py"
File: overwriteflag=0, allowskipfilesflag=2, name="shapes.pyc"
File: wrote 58612 to "C:\Python26\Lib\site-packages\guiqwt\shapes.pyc"
File: overwriteflag=0, allowskipfilesflag=2, name="signals.py"
File: wrote 6692 to "C:\Python26\Lib\site-packages\guiqwt\signals.py"
File: overwriteflag=0, allowskipfilesflag=2, name="signals.pyc"
File: wrote 5068 to "C:\Python26\Lib\site-packages\guiqwt\signals.pyc"
File: overwriteflag=0, allowskipfilesflag=2, name="styles.py"
File: wrote 63135 to "C:\Python26\Lib\site-packages\guiqwt\styles.py"
File: overwriteflag=0, allowskipfilesflag=2, name="styles.pyc"
File: wrote 64281 to "C:\Python26\Lib\site-packages\guiqwt\styles.pyc"
File: overwriteflag=0, allowskipfilesflag=2, name="tools.py"
File: wrote 85455 to "C:\Python26\Lib\site-packages\guiqwt\tools.py"
File: overwriteflag=0, allowskipfilesflag=2, name="tools.pyc"
File: wrote 100390 to "C:\Python26\Lib\site-packages\guiqwt\tools.pyc"
File: overwriteflag=0, allowskipfilesflag=2, name="transitional.py"
File: wrote 772 to "C:\Python26\Lib\site-packages\guiqwt\transitional.py"
File: overwriteflag=0, allowskipfilesflag=2, name="transitional.pyc"
File: wrote 874 to "C:\Python26\Lib\site-packages\guiqwt\transitional.pyc"
CreateDirectory: "C:\Python26\Lib\site-packages\guiqwt\images" (1)
File: overwriteflag=0, allowskipfilesflag=2, name="arrow_down.png"
File: wrote 584 to "C:\Python26\Lib\site-packages\guiqwt\images\arrow_down.png"
File: overwriteflag=0, allowskipfilesflag=2, name="arrow_up.png"
File: wrote 565 to "C:\Python26\Lib\site-packages\guiqwt\images\arrow_up.png"
File: overwriteflag=0, allowskipfilesflag=2, name="autorefresh.png"
File: wrote 846 to "C:\Python26\Lib\site-packages\guiqwt\images\autorefresh.png"
File: overwriteflag=0, allowskipfilesflag=2, name="axes.png"
File: wrote 524 to "C:\Python26\Lib\site-packages\guiqwt\images\axes.png"
File: overwriteflag=0, allowskipfilesflag=2, name="center.png"
File: wrote 3091 to "C:\Python26\Lib\site-packages\guiqwt\images\center.png"
File: overwriteflag=0, allowskipfilesflag=2, name="contrast.png"
File: wrote 3150 to "C:\Python26\Lib\site-packages\guiqwt\images\contrast.png"
File: overwriteflag=0, allowskipfilesflag=2, name="csapplylut.png"
File: wrote 3410 to "C:\Python26\Lib\site-packages\guiqwt\images\csapplylut.png"
File: overwriteflag=0, allowskipfilesflag=2, name="csautoscale.png"
File: wrote 267 to "C:\Python26\Lib\site-packages\guiqwt\images\csautoscale.png"
File: overwriteflag=0, allowskipfilesflag=2, name="csection.png"
File: wrote 417 to "C:\Python26\Lib\site-packages\guiqwt\images\csection.png"
File: overwriteflag=0, allowskipfilesflag=2, name="csection_a.png"
File: wrote 1313 to "C:\Python26\Lib\site-packages\guiqwt\images\csection_a.png"
File: overwriteflag=0, allowskipfilesflag=2, name="csection_oblique.png"
File: wrote 561 to "C:\Python26\Lib\site-packages\guiqwt\images\csection_oblique.png"
File: overwriteflag=0, allowskipfilesflag=2, name="csperimage.png"
File: wrote 244 to "C:\Python26\Lib\site-packages\guiqwt\images\csperimage.png"
File: overwriteflag=0, allowskipfilesflag=2, name="eliminate_outliers.png"
File: wrote 1266 to "C:\Python26\Lib\site-packages\guiqwt\images\eliminate_outliers.png"
File: overwriteflag=0, allowskipfilesflag=2, name="export.png"
File: wrote 3472 to "C:\Python26\Lib\site-packages\guiqwt\images\export.png"
File: overwriteflag=0, allowskipfilesflag=2, name="font.png"
File: wrote 284 to "C:\Python26\Lib\site-packages\guiqwt\images\font.png"
File: overwriteflag=0, allowskipfilesflag=2, name="full_range.png"
File: wrote 1267 to "C:\Python26\Lib\site-packages\guiqwt\images\full_range.png"
File: overwriteflag=0, allowskipfilesflag=2, name="funct.png"
File: wrote 678 to "C:\Python26\Lib\site-packages\guiqwt\images\funct.png"
File: overwriteflag=0, allowskipfilesflag=2, name="guiqwt.png"
File: wrote 1717 to "C:\Python26\Lib\site-packages\guiqwt\images\guiqwt.png"
File: overwriteflag=0, allowskipfilesflag=2, name="hcursor.png"
File: wrote 229 to "C:\Python26\Lib\site-packages\guiqwt\images\hcursor.png"
File: overwriteflag=0, allowskipfilesflag=2, name="imagestats.png"
File: wrote 1156 to "C:\Python26\Lib\site-packages\guiqwt\images\imagestats.png"
File: overwriteflag=0, allowskipfilesflag=2, name="item_list.png"
File: wrote 3132 to "C:\Python26\Lib\site-packages\guiqwt\images\item_list.png"
File: overwriteflag=0, allowskipfilesflag=2, name="magnifier.png"
File: wrote 1887 to "C:\Python26\Lib\site-packages\guiqwt\images\magnifier.png"
File: overwriteflag=0, allowskipfilesflag=2, name="move.png"
File: wrote 2882 to "C:\Python26\Lib\site-packages\guiqwt\images\move.png"
File: overwriteflag=0, allowskipfilesflag=2, name="on_curve.png"
File: wrote 398 to "C:\Python26\Lib\site-packages\guiqwt\images\on_curve.png"
File: overwriteflag=0, allowskipfilesflag=2, name="point_selection.png"
File: wrote 275 to "C:\Python26\Lib\site-packages\guiqwt\images\point_selection.png"
File: overwriteflag=0, allowskipfilesflag=2, name="print.png"
File: wrote 635 to "C:\Python26\Lib\site-packages\guiqwt\images\print.png"
File: overwriteflag=0, allowskipfilesflag=2, name="refresh.png"
File: wrote 685 to "C:\Python26\Lib\site-packages\guiqwt\images\refresh.png"
File: overwriteflag=0, allowskipfilesflag=2, name="sift.svg"
File: wrote 13100 to "C:\Python26\Lib\site-packages\guiqwt\images\sift.svg"
File: overwriteflag=0, allowskipfilesflag=2, name="snapshot.png"
File: wrote 873 to "C:\Python26\Lib\site-packages\guiqwt\images\snapshot.png"
File: overwriteflag=0, allowskipfilesflag=2, name="trash.png"
File: wrote 1120 to "C:\Python26\Lib\site-packages\guiqwt\images\trash.png"
File: overwriteflag=0, allowskipfilesflag=2, name="vcursor.png"
File: wrote 241 to "C:\Python26\Lib\site-packages\guiqwt\images\vcursor.png"
File: overwriteflag=0, allowskipfilesflag=2, name="xcursor.png"
File: wrote 201 to "C:\Python26\Lib\site-packages\guiqwt\images\xcursor.png"
File: overwriteflag=0, allowskipfilesflag=2, name="xrange.png"
File: wrote 238 to "C:\Python26\Lib\site-packages\guiqwt\images\xrange.png"
CreateDirectory: "C:\Python26\Lib\site-packages\guiqwt\images\curvestyles" (1)
File: overwriteflag=0, allowskipfilesflag=2, name="dots.png"
File: wrote 1232 to "C:\Python26\Lib\site-packages\guiqwt\images\curvestyles\dots.png"
File: overwriteflag=0, allowskipfilesflag=2, name="lines.png"
File: wrote 231 to "C:\Python26\Lib\site-packages\guiqwt\images\curvestyles\lines.png"
File: overwriteflag=0, allowskipfilesflag=2, name="steps.png"
File: wrote 1247 to "C:\Python26\Lib\site-packages\guiqwt\images\curvestyles\steps.png"
File: overwriteflag=0, allowskipfilesflag=2, name="sticks.png"
File: wrote 292 to "C:\Python26\Lib\site-packages\guiqwt\images\curvestyles\sticks.png"
CreateDirectory: "C:\Python26\Lib\site-packages\guiqwt\images\curvetypes" (1)
File: overwriteflag=0, allowskipfilesflag=2, name="xfy.png"
File: wrote 366 to "C:\Python26\Lib\site-packages\guiqwt\images\curvetypes\xfy.png"
File: overwriteflag=0, allowskipfilesflag=2, name="yfx.png"
File: wrote 372 to "C:\Python26\Lib\site-packages\guiqwt\images\curvetypes\yfx.png"
CreateDirectory: "C:\Python26\Lib\site-packages\guiqwt\images\items" (1)
File: overwriteflag=0, allowskipfilesflag=2, name="annotation.png"
File: wrote 620 to "C:\Python26\Lib\site-packages\guiqwt\images\items\annotation.png"
File: overwriteflag=0, allowskipfilesflag=2, name="curve.png"
File: wrote 337 to "C:\Python26\Lib\site-packages\guiqwt\images\items\curve.png"
File: overwriteflag=0, allowskipfilesflag=2, name="errorbar.png"
File: wrote 275 to "C:\Python26\Lib\site-packages\guiqwt\images\items\errorbar.png"
File: overwriteflag=0, allowskipfilesflag=2, name="grid.png"
File: wrote 195 to "C:\Python26\Lib\site-packages\guiqwt\images\items\grid.png"
File: overwriteflag=0, allowskipfilesflag=2, name="histogram.png"
File: wrote 1239 to "C:\Python26\Lib\site-packages\guiqwt\images\items\histogram.png"
File: overwriteflag=0, allowskipfilesflag=2, name="histogram2d.png"
File: wrote 1154 to "C:\Python26\Lib\site-packages\guiqwt\images\items\histogram2d.png"
File: overwriteflag=0, allowskipfilesflag=2, name="image.png"
File: wrote 895 to "C:\Python26\Lib\site-packages\guiqwt\images\items\image.png"
File: overwriteflag=0, allowskipfilesflag=2, name="label.png"
File: wrote 3095 to "C:\Python26\Lib\site-packages\guiqwt\images\items\label.png"
File: overwriteflag=0, allowskipfilesflag=2, name="legend.png"
File: wrote 3035 to "C:\Python26\Lib\site-packages\guiqwt\images\items\legend.png"
CreateDirectory: "C:\Python26\Lib\site-packages\guiqwt\images\markers" (1)
File: overwriteflag=0, allowskipfilesflag=2, name="cross.png"
File: wrote 1210 to "C:\Python26\Lib\site-packages\guiqwt\images\markers\cross.png"
File: overwriteflag=0, allowskipfilesflag=2, name="diamond.png"
File: wrote 1247 to "C:\Python26\Lib\site-packages\guiqwt\images\markers\diamond.png"
File: overwriteflag=0, allowskipfilesflag=2, name="ellipse.png"
File: wrote 1256 to "C:\Python26\Lib\site-packages\guiqwt\images\markers\ellipse.png"
File: overwriteflag=0, allowskipfilesflag=2, name="hexagon.png"
File: wrote 1260 to "C:\Python26\Lib\site-packages\guiqwt\images\markers\hexagon.png"
File: overwriteflag=0, allowskipfilesflag=2, name="point.png"
File: wrote 1203 to "C:\Python26\Lib\site-packages\guiqwt\images\markers\point.png"
File: overwriteflag=0, allowskipfilesflag=2, name="square.png"
File: wrote 1206 to "C:\Python26\Lib\site-packages\guiqwt\images\markers\square.png"
File: overwriteflag=0, allowskipfilesflag=2, name="star.png"
File: wrote 1231 to "C:\Python26\Lib\site-packages\guiqwt\images\markers\star.png"
File: overwriteflag=0, allowskipfilesflag=2, name="triangle_d.png"
File: wrote 1251 to "C:\Python26\Lib\site-packages\guiqwt\images\markers\triangle_d.png"
File: overwriteflag=0, allowskipfilesflag=2, name="triangle_l.png"
File: wrote 1239 to "C:\Python26\Lib\site-packages\guiqwt\images\markers\triangle_l.png"
File: overwriteflag=0, allowskipfilesflag=2, name="triangle_r.png"
File: wrote 1242 to "C:\Python26\Lib\site-packages\guiqwt\images\markers\triangle_r.png"
File: overwriteflag=0, allowskipfilesflag=2, name="triangle_u.png"
File: wrote 1247 to "C:\Python26\Lib\site-packages\guiqwt\images\markers\triangle_u.png"
File: overwriteflag=0, allowskipfilesflag=2, name="xcross.png"
File: wrote 1224 to "C:\Python26\Lib\site-packages\guiqwt\images\markers\xcross.png"
CreateDirectory: "C:\Python26\Lib\site-packages\guiqwt\images\markerstyles" (1)
File: overwriteflag=0, allowskipfilesflag=2, name="cross_marker.png"
File: wrote 1213 to "C:\Python26\Lib\site-packages\guiqwt\images\markerstyles\cross_marker.png"
File: overwriteflag=0, allowskipfilesflag=2, name="horiz_marker.png"
File: wrote 1205 to "C:\Python26\Lib\site-packages\guiqwt\images\markerstyles\horiz_marker.png"
File: overwriteflag=0, allowskipfilesflag=2, name="vert_marker.png"
File: wrote 1201 to "C:\Python26\Lib\site-packages\guiqwt\images\markerstyles\vert_marker.png"
CreateDirectory: "C:\Python26\Lib\site-packages\guiqwt\images\mask" (1)
File: overwriteflag=0, allowskipfilesflag=2, name="mask_circle.png"
File: wrote 488 to "C:\Python26\Lib\site-packages\guiqwt\images\mask\mask_circle.png"
File: overwriteflag=0, allowskipfilesflag=2, name="mask_circle_outside.png"
File: wrote 492 to "C:\Python26\Lib\site-packages\guiqwt\images\mask\mask_circle_outside.png"
File: overwriteflag=0, allowskipfilesflag=2, name="mask_rectangle.png"
File: wrote 249 to "C:\Python26\Lib\site-packages\guiqwt\images\mask\mask_rectangle.png"
File: overwriteflag=0, allowskipfilesflag=2, name="mask_rectangle_outside.png"
File: wrote 266 to "C:\Python26\Lib\site-packages\guiqwt\images\mask\mask_rectangle_outside.png"
File: overwriteflag=0, allowskipfilesflag=2, name="mask_tool.png"
File: wrote 243 to "C:\Python26\Lib\site-packages\guiqwt\images\mask\mask_tool.png"
CreateDirectory: "C:\Python26\Lib\site-packages\guiqwt\images\patterns" (1)
File: overwriteflag=0, allowskipfilesflag=2, name="bdiagpattern.png"
File: wrote 994 to "C:\Python26\Lib\site-packages\guiqwt\images\patterns\bdiagpattern.png"
File: overwriteflag=0, allowskipfilesflag=2, name="crosspattern.png"
File: wrote 976 to "C:\Python26\Lib\site-packages\guiqwt\images\patterns\crosspattern.png"
File: overwriteflag=0, allowskipfilesflag=2, name="dense1pattern.png"
File: wrote 969 to "C:\Python26\Lib\site-packages\guiqwt\images\patterns\dense1pattern.png"
File: overwriteflag=0, allowskipfilesflag=2, name="dense2pattern.png"
File: wrote 977 to "C:\Python26\Lib\site-packages\guiqwt\images\patterns\dense2pattern.png"
File: overwriteflag=0, allowskipfilesflag=2, name="dense3pattern.png"
File: wrote 972 to "C:\Python26\Lib\site-packages\guiqwt\images\patterns\dense3pattern.png"
File: overwriteflag=0, allowskipfilesflag=2, name="dense4pattern.png"
File: wrote 962 to "C:\Python26\Lib\site-packages\guiqwt\images\patterns\dense4pattern.png"
File: overwriteflag=0, allowskipfilesflag=2, name="dense5pattern.png"
File: wrote 977 to "C:\Python26\Lib\site-packages\guiqwt\images\patterns\dense5pattern.png"
File: overwriteflag=0, allowskipfilesflag=2, name="dense6pattern.png"
File: wrote 977 to "C:\Python26\Lib\site-packages\guiqwt\images\patterns\dense6pattern.png"
File: overwriteflag=0, allowskipfilesflag=2, name="dense7pattern.png"
File: wrote 972 to "C:\Python26\Lib\site-packages\guiqwt\images\patterns\dense7pattern.png"
File: overwriteflag=0, allowskipfilesflag=2, name="diagcrosspattern.png"
File: wrote 990 to "C:\Python26\Lib\site-packages\guiqwt\images\patterns\diagcrosspattern.png"
File: overwriteflag=0, allowskipfilesflag=2, name="fdiagpattern.png"
File: wrote 993 to "C:\Python26\Lib\site-packages\guiqwt\images\patterns\fdiagpattern.png"
File: overwriteflag=0, allowskipfilesflag=2, name="horpattern.png"
File: wrote 971 to "C:\Python26\Lib\site-packages\guiqwt\images\patterns\horpattern.png"
File: overwriteflag=0, allowskipfilesflag=2, name="nobrush.png"
File: wrote 960 to "C:\Python26\Lib\site-packages\guiqwt\images\patterns\nobrush.png"
File: overwriteflag=0, allowskipfilesflag=2, name="solidpattern.png"
File: wrote 960 to "C:\Python26\Lib\site-packages\guiqwt\images\patterns\solidpattern.png"
File: overwriteflag=0, allowskipfilesflag=2, name="verpattern.png"
File: wrote 966 to "C:\Python26\Lib\site-packages\guiqwt\images\patterns\verpattern.png"
CreateDirectory: "C:\Python26\Lib\site-packages\guiqwt\images\scales" (1)
File: overwriteflag=0, allowskipfilesflag=2, name="lin_lin.png"
File: wrote 1034 to "C:\Python26\Lib\site-packages\guiqwt\images\scales\lin_lin.png"
File: overwriteflag=0, allowskipfilesflag=2, name="lin_log.png"
File: wrote 1036 to "C:\Python26\Lib\site-packages\guiqwt\images\scales\lin_log.png"
File: overwriteflag=0, allowskipfilesflag=2, name="log_lin.png"
File: wrote 1046 to "C:\Python26\Lib\site-packages\guiqwt\images\scales\log_lin.png"
File: overwriteflag=0, allowskipfilesflag=2, name="log_log.png"
File: wrote 1044 to "C:\Python26\Lib\site-packages\guiqwt\images\scales\log_log.png"
CreateDirectory: "C:\Python26\Lib\site-packages\guiqwt\images\shapes" (1)
File: overwriteflag=0, allowskipfilesflag=2, name="circle.png"
File: wrote 485 to "C:\Python26\Lib\site-packages\guiqwt\images\shapes\circle.png"
File: overwriteflag=0, allowskipfilesflag=2, name="ellipse_shape.png"
File: wrote 493 to "C:\Python26\Lib\site-packages\guiqwt\images\shapes\ellipse_shape.png"
File: overwriteflag=0, allowskipfilesflag=2, name="freeform.png"
File: wrote 379 to "C:\Python26\Lib\site-packages\guiqwt\images\shapes\freeform.png"
File: overwriteflag=0, allowskipfilesflag=2, name="gtaxes.png"
File: wrote 377 to "C:\Python26\Lib\site-packages\guiqwt\images\shapes\gtaxes.png"
File: overwriteflag=0, allowskipfilesflag=2, name="marker.png"
File: wrote 1249 to "C:\Python26\Lib\site-packages\guiqwt\images\shapes\marker.png"
File: overwriteflag=0, allowskipfilesflag=2, name="oblique_rectangle.png"
File: wrote 551 to "C:\Python26\Lib\site-packages\guiqwt\images\shapes\oblique_rectangle.png"
File: overwriteflag=0, allowskipfilesflag=2, name="point_shape.png"
File: wrote 175 to "C:\Python26\Lib\site-packages\guiqwt\images\shapes\point_shape.png"
File: overwriteflag=0, allowskipfilesflag=2, name="polyline.png"
File: wrote 280 to "C:\Python26\Lib\site-packages\guiqwt\images\shapes\polyline.png"
File: overwriteflag=0, allowskipfilesflag=2, name="rectangle.png"
File: wrote 252 to "C:\Python26\Lib\site-packages\guiqwt\images\shapes\rectangle.png"
File: overwriteflag=0, allowskipfilesflag=2, name="segment.png"
File: wrote 273 to "C:\Python26\Lib\site-packages\guiqwt\images\shapes\segment.png"
CreateDirectory: "C:\Python26\Lib\site-packages\guiqwt\images\styles" (1)
File: overwriteflag=0, allowskipfilesflag=2, name="dash.png"
File: wrote 1206 to "C:\Python26\Lib\site-packages\guiqwt\images\styles\dash.png"
File: overwriteflag=0, allowskipfilesflag=2, name="dashdot.png"
File: wrote 1208 to "C:\Python26\Lib\site-packages\guiqwt\images\styles\dashdot.png"
File: overwriteflag=0, allowskipfilesflag=2, name="dashdotdot.png"
File: wrote 1206 to "C:\Python26\Lib\site-packages\guiqwt\images\styles\dashdotdot.png"
File: overwriteflag=0, allowskipfilesflag=2, name="dot.png"
File: wrote 1205 to "C:\Python26\Lib\site-packages\guiqwt\images\styles\dot.png"
File: overwriteflag=0, allowskipfilesflag=2, name="solid.png"
File: wrote 1201 to "C:\Python26\Lib\site-packages\guiqwt\images\styles\solid.png"
CreateDirectory: "C:\Python26\Lib\site-packages\guiqwt\locale" (1)
CreateDirectory: "C:\Python26\Lib\site-packages\guiqwt\locale\fr" (1)
CreateDirectory: "C:\Python26\Lib\site-packages\guiqwt\locale\fr\LC_MESSAGES" (1)
File: overwriteflag=0, allowskipfilesflag=2, name="guiqwt.mo"
File: wrote 28264 to "C:\Python26\Lib\site-packages\guiqwt\locale\fr\LC_MESSAGES\guiqwt.mo"
CreateDirectory: "C:\Python26\Lib\site-packages\guiqwt\tests" (1)
File: overwriteflag=0, allowskipfilesflag=2, name="__init__.py"
File: wrote 437 to "C:\Python26\Lib\site-packages\guiqwt\tests\__init__.py"
File: overwriteflag=0, allowskipfilesflag=2, name="brain.png"
File: wrote 32400 to "C:\Python26\Lib\site-packages\guiqwt\tests\brain.png"
File: overwriteflag=0, allowskipfilesflag=2, name="brain_cylinder.png"
File: wrote 36604 to "C:\Python26\Lib\site-packages\guiqwt\tests\brain_cylinder.png"
File: overwriteflag=0, allowskipfilesflag=2, name="computations.py"
File: wrote 1317 to "C:\Python26\Lib\site-packages\guiqwt\tests\computations.py"
File: overwriteflag=0, allowskipfilesflag=2, name="contrast.py"
File: wrote 1103 to "C:\Python26\Lib\site-packages\guiqwt\tests\contrast.py"
File: overwriteflag=0, allowskipfilesflag=2, name="cross_section.py"
File: wrote 1150 to "C:\Python26\Lib\site-packages\guiqwt\tests\cross_section.py"
File: overwriteflag=0, allowskipfilesflag=2, name="cross_section_oblique.py"
File: wrote 2070 to "C:\Python26\Lib\site-packages\guiqwt\tests\cross_section_oblique.py"
File: overwriteflag=0, allowskipfilesflag=2, name="cursors.py"
File: wrote 1170 to "C:\Python26\Lib\site-packages\guiqwt\tests\cursors.py"
File: overwriteflag=0, allowskipfilesflag=2, name="filtertest1.py"
File: wrote 3007 to "C:\Python26\Lib\site-packages\guiqwt\tests\filtertest1.py"
File: overwriteflag=0, allowskipfilesflag=2, name="filtertest2.py"
File: wrote 3691 to "C:\Python26\Lib\site-packages\guiqwt\tests\filtertest2.py"
File: overwriteflag=0, allowskipfilesflag=2, name="fit.py"
File: wrote 821 to "C:\Python26\Lib\site-packages\guiqwt\tests\fit.py"
File: overwriteflag=0, allowskipfilesflag=2, name="fontparam.py"
File: wrote 455 to "C:\Python26\Lib\site-packages\guiqwt\tests\fontparam.py"
File: overwriteflag=0, allowskipfilesflag=2, name="get_point.py"
File: wrote 1515 to "C:\Python26\Lib\site-packages\guiqwt\tests\get_point.py"
File: overwriteflag=0, allowskipfilesflag=2, name="hist2d.py"
File: wrote 1243 to "C:\Python26\Lib\site-packages\guiqwt\tests\hist2d.py"
File: overwriteflag=0, allowskipfilesflag=2, name="histogram.py"
File: wrote 724 to "C:\Python26\Lib\site-packages\guiqwt\tests\histogram.py"
File: overwriteflag=0, allowskipfilesflag=2, name="image.py"
File: wrote 2898 to "C:\Python26\Lib\site-packages\guiqwt\tests\image.py"
File: overwriteflag=0, allowskipfilesflag=2, name="image_masked.py"
File: wrote 1430 to "C:\Python26\Lib\site-packages\guiqwt\tests\image_masked.py"
File: overwriteflag=0, allowskipfilesflag=2, name="image_plot_tools.py"
File: wrote 1945 to "C:\Python26\Lib\site-packages\guiqwt\tests\image_plot_tools.py"
File: overwriteflag=0, allowskipfilesflag=2, name="image_rgb.py"
File: wrote 1107 to "C:\Python26\Lib\site-packages\guiqwt\tests\image_rgb.py"
File: overwriteflag=0, allowskipfilesflag=2, name="imagefilter.py"
File: wrote 1661 to "C:\Python26\Lib\site-packages\guiqwt\tests\imagefilter.py"
File: overwriteflag=0, allowskipfilesflag=2, name="imagesuperp.py"
File: wrote 1684 to "C:\Python26\Lib\site-packages\guiqwt\tests\imagesuperp.py"
File: overwriteflag=0, allowskipfilesflag=2, name="imagexy.py"
File: wrote 1748 to "C:\Python26\Lib\site-packages\guiqwt\tests\imagexy.py"
File: overwriteflag=0, allowskipfilesflag=2, name="loadsavecanvas.py"
File: wrote 2556 to "C:\Python26\Lib\site-packages\guiqwt\tests\loadsavecanvas.py"
File: overwriteflag=0, allowskipfilesflag=2, name="manager.py"
File: wrote 2404 to "C:\Python26\Lib\site-packages\guiqwt\tests\manager.py"
File: overwriteflag=0, allowskipfilesflag=2, name="mandelbrot.py"
File: wrote 2943 to "C:\Python26\Lib\site-packages\guiqwt\tests\mandelbrot.py"
File: overwriteflag=0, allowskipfilesflag=2, name="pcolor.py"
File: wrote 2718 to "C:\Python26\Lib\site-packages\guiqwt\tests\pcolor.py"
File: overwriteflag=0, allowskipfilesflag=2, name="plot.py"
File: wrote 1793 to "C:\Python26\Lib\site-packages\guiqwt\tests\plot.py"
File: overwriteflag=0, allowskipfilesflag=2, name="plot_log.py"
File: wrote 959 to "C:\Python26\Lib\site-packages\guiqwt\tests\plot_log.py"
File: overwriteflag=0, allowskipfilesflag=2, name="plot_yreverse.py"
File: wrote 841 to "C:\Python26\Lib\site-packages\guiqwt\tests\plot_yreverse.py"
File: overwriteflag=0, allowskipfilesflag=2, name="pyplot.py"
File: wrote 1877 to "C:\Python26\Lib\site-packages\guiqwt\tests\pyplot.py"
File: overwriteflag=0, allowskipfilesflag=2, name="sift.py"
File: wrote 55273 to "C:\Python26\Lib\site-packages\guiqwt\tests\sift.py"
File: overwriteflag=0, allowskipfilesflag=2, name="simple_dialog.py"
File: wrote 4126 to "C:\Python26\Lib\site-packages\guiqwt\tests\simple_dialog.py"
File: overwriteflag=0, allowskipfilesflag=2, name="simple_window.py"
File: wrote 9831 to "C:\Python26\Lib\site-packages\guiqwt\tests\simple_window.py"
File: overwriteflag=0, allowskipfilesflag=2, name="styles.py"
File: wrote 3094 to "C:\Python26\Lib\site-packages\guiqwt\tests\styles.py"
File: overwriteflag=0, allowskipfilesflag=2, name="syncplot.py"
File: wrote 3057 to "C:\Python26\Lib\site-packages\guiqwt\tests\syncplot.py"
File: overwriteflag=0, allowskipfilesflag=2, name="test_line.py"
File: wrote 1250 to "C:\Python26\Lib\site-packages\guiqwt\tests\test_line.py"
File: overwriteflag=0, allowskipfilesflag=2, name="transform.py"
File: wrote 4772 to "C:\Python26\Lib\site-packages\guiqwt\tests\transform.py"
CreateDirectory: "C:\Python26\Lib\site-packages" (1)
CreateDirectory: "C:\Python26\Lib\site-packages\guiqwt" (1)
File: overwriteflag=0, allowskipfilesflag=2, name="libgcc_s_dw2-1.dll"
File: wrote 43008 to "C:\Python26\Lib\site-packages\guiqwt\libgcc_s_dw2-1.dll"
File: overwriteflag=0, allowskipfilesflag=2, name="libstdc++-6.dll"
File: wrote 879630 to "C:\Python26\Lib\site-packages\guiqwt\libstdc++-6.dll"
CreateDirectory: "C:\Python26\Scripts" (1)
File: overwriteflag=0, allowskipfilesflag=2, name="guiqwt-tests"
File: wrote 63 to "C:\Python26\Scripts\guiqwt-tests"
File: overwriteflag=0, allowskipfilesflag=2, name="guiqwt-tests.bat"
File: wrote 29 to "C:\Python26\Scripts\guiqwt-tests.bat"
File: overwriteflag=0, allowskipfilesflag=2, name="sift"
File: wrote 67 to "C:\Python26\Scripts\sift"
File: overwriteflag=0, allowskipfilesflag=2, name="sift.bat"
File: wrote 36 to "C:\Python26\Scripts\sift.bat"
CreateDirectory: "C:\Python26\Scripts" (1)
CreateDirectory: "C:\Python26\Lib\site-packages\PyQt4\plugins\designer\python" (1)
File: overwriteflag=0, allowskipfilesflag=2, name="imageplotplugin.py"
File: wrote 429 to "C:\Python26\Lib\site-packages\PyQt4\plugins\designer\python\imageplotplugin.py"
File: overwriteflag=0, allowskipfilesflag=2, name="plotplugin.py"
File: wrote 418 to "C:\Python26\Lib\site-packages\PyQt4\plugins\designer\python\plotplugin.py"
CreateDirectory: "C:\Python26\Lib\site-packages\PyQt4\plugins\designer\python" (1)
CreateDirectory: "C:\Python26\DLLs" (1)
CreateDirectory: "C:\Python26\DLLs" (1)
CreateDirectory: "C:\Python26" (1)
CreateDirectory: "C:\Python26" (1)
CreateDirectory: "C:\Python26\Doc\guiqwt" (1)
CreateDirectory: "C:\Programme\pythonxy\doc\Libraries\guiqwt" (1)
RMDir: "C:\Python26\Doc\guiqwt"
RMDir: RemoveDirectory("C:\Python26\Doc\guiqwt\")
File: overwriteflag=0, allowskipfilesflag=2, name="guiqwtdoc.chm"
File: wrote 2906785 to "C:\Programme\pythonxy\doc\Libraries\guiqwt\guiqwtdoc.chm"
CreateDirectory: "C:\Programme\pythonxy\doc\Libraries\guiqwt" (1)
RMDir: "C:\Programme\pythonxy\doc\Libraries\guiqwt"
RMDir: RemoveDirectory("C:\Programme\pythonxy\doc\Libraries\guiqwt\")
RMDir: RemoveDirectory failed("C:\Programme\pythonxy\doc\Libraries\guiqwt\")
CreateDirectory: "C:\Python26\Lib\site-packages" (1)
Call: 1173
File: overwriteflag=1, allowskipfilesflag=2, name="C:\DOKUME~1\ADMINI~1\LOKALE~1\Temp\nsv25.tmp\CpuCaps.dll"
File: wrote 16164 to "C:\DOKUME~1\ADMINI~1\LOKALE~1\Temp\nsv25.tmp\CpuCaps.dll"
Call: 1173
File: overwriteflag=1, allowskipfilesflag=2, name="C:\DOKUME~1\ADMINI~1\LOKALE~1\Temp\nsv25.tmp\CpuCaps.dll"
File: skipped: "C:\DOKUME~1\ADMINI~1\LOKALE~1\Temp\nsv25.tmp\CpuCaps.dll" (overwriteflag=1)
CreateDirectory: "C:\Python26\Lib\site-packages" (1)
Jump: 1091
created uninstaller: 7092, "C:\Python26\Lib\site-packages\guiqwt\Uninstall.exe"
WriteRegStr: "HKEY_LOCAL_MACHINE\Software\Microsoft\Windows\CurrentVersion\Uninstall\Python 2.6 - guiqwt 2.1.4" "DisplayName"="Python 2.6 - guiqwt 2.1.4"
WriteRegStr: "HKEY_LOCAL_MACHINE\Software\Microsoft\Windows\CurrentVersion\Uninstall\Python 2.6 - guiqwt 2.1.4" "UninstallString"="C:\Python26\Lib\site-packages\guiqwt\Uninstall.exe"
WriteRegStr: "HKEY_LOCAL_MACHINE\Software\Microsoft\Windows\CurrentVersion\Uninstall\Python 2.6 - guiqwt 2.1.4" "InstallLocation"="C:\Python26\Lib\site-packages\guiqwt"
WriteRegStr: "HKEY_LOCAL_MACHINE\Software\Microsoft\Windows\CurrentVersion\Uninstall\Python 2.6 - guiqwt 2.1.4" "DisplayIcon"="C:\Python26\Lib\site-packages\guiqwt\python.ico"
WriteRegStr: "HKEY_LOCAL_MACHINE\Software\Microsoft\Windows\CurrentVersion\Uninstall\Python 2.6 - guiqwt 2.1.4" "Publisher"="pythonxy.com"
WriteRegStr: "HKEY_LOCAL_MACHINE\Software\Microsoft\Windows\CurrentVersion\Uninstall\Python 2.6 - guiqwt 2.1.4" "HelpTelephone"=""
WriteRegStr: "HKEY_LOCAL_MACHINE\Software\Microsoft\Windows\CurrentVersion\Uninstall\Python 2.6 - guiqwt 2.1.4" "DisplayVersion"="2.1.4"
WriteRegDWORD: "HKEY_LOCAL_MACHINE\Software\Microsoft\Windows\CurrentVersion\Uninstall\Python 2.6 - guiqwt 2.1.4" "NoModify"="0x00000001"
WriteRegDWORD: "HKEY_LOCAL_MACHINE\Software\Microsoft\Windows\CurrentVersion\Uninstall\Python 2.6 - guiqwt 2.1.4" "NoRepair"="0x00000001"
WriteRegStr: "HKEY_LOCAL_MACHINE\Software\Microsoft\Windows\CurrentVersion\Uninstall\Python 2.6 - guiqwt 2.1.4" "ParentDisplayName"="Python(x,y)"
WriteRegStr: "HKEY_LOCAL_MACHINE\Software\Microsoft\Windows\CurrentVersion\Uninstall\Python 2.6 - guiqwt 2.1.4" "ParentKeyName"="Python(x,y)"
WriteRegStr: "HKEY_CURRENT_USER\Software\Python(x,y)\uninstall" "guiqwt"="C:\Python26\Lib\site-packages\guiqwt"
IfFileExists: file "C:\Python26\Scripts\guiqwt_postinstall.py" does not exist, jumping 1109
IfFileExists: file "C:\Python26\Scripts\guiqwt_win_post_install.py" does not exist, jumping 1112
Section: ""
CreateDirectory: "C:\Python26\Scripts" (1)
CreateShortCut: out: "C:\Dokumente und Einstellungen\Administrator\Startmenü\Programme\Python(x,y)\guiqwt.lnk", in: "C:\Python26\python.exe "C:\Python26\Scripts\guiqwt-tests"", icon: C:\Python26\Lib\site-packages\guiqwt\guiqwt.ico,0, sw=0, hk=0
CreateShortCut: out: "C:\Dokumente und Einstellungen\Administrator\Startmenü\Programme\Python(x,y)\Sift.lnk", in: "C:\Python26\Scripts\sift.bat ", icon: C:\Python26\Lib\site-packages\guiqwt\sift.ico,0, sw=0, hk=0
Delete: DeleteFile("C:\DOKUME~1\ADMINI~1\LOKALE~1\Temp\nsv25.tmp\CpuCaps.dll")
Delete: DeleteFile("C:\DOKUME~1\ADMINI~1\LOKALE~1\Temp\nsv25.tmp\System.dll")
RMDir: RemoveDirectory("C:\DOKUME~1\ADMINI~1\LOKALE~1\Temp\nsv25.tmp\")
